<?xml version="1.0" encoding="UTF-8"?>
<!-- Generated by org.testng.reporters.JUnitReportReporter -->
<testsuite hostname="AcerAspire5" failures="0" tests="1" name="com.p1.ParsingJSONresponseData" time="3.297" errors="0" timestamp="2024-06-15T18:49:14 IST" skipped="0">
  <testcase classname="com.p1.ParsingJSONresponseData" name="dataCheck" time="3.297"/>
</testsuite> <!-- com.p1.ParsingJSONresponseData -->
