<?xml version="1.0" encoding="UTF-8"?>
<!-- Generated by org.testng.reporters.JUnitReportReporter -->
<testsuite hostname="AcerAspire5" failures="0" tests="4" name="com.p1.HTTPSrequest1" time="67.774" errors="0" timestamp="2024-06-05T23:17:06 IST" skipped="0">
  <testcase classname="com.p1.HTTPSrequest1" name="getUser" time="41.488"/>
  <testcase classname="com.p1.HTTPSrequest1" name="CreateUser" time="10.994"/>
  <testcase classname="com.p1.HTTPSrequest1" name="updateUser" time="0.530"/>
  <testcase classname="com.p1.HTTPSrequest1" name="deleteUser" time="14.762"/>
</testsuite> <!-- com.p1.HTTPSrequest1 -->
