<?xml version="1.0" encoding="UTF-8"?>
<!-- Generated by org.testng.reporters.JUnitReportReporter -->
<testsuite hostname="AcerAspire5" failures="0" tests="4" name="com.p1.dataPassing" time="4.686" errors="0" timestamp="2024-06-05T22:55:57 IST" skipped="0">
  <testcase classname="com.p1.dataPassing" name="hashMapMethod" time="3.189"/>
  <testcase classname="com.p1.dataPassing" name="josonORG" time="0.450"/>
  <testcase classname="com.p1.dataPassing" name="pojoMethod" time="0.564"/>
  <testcase classname="com.p1.dataPassing" name="externalJsonFile" time="0.483"/>
</testsuite> <!-- com.p1.dataPassing -->
