<?xml version="1.0" encoding="UTF-8"?>
<!-- Generated by org.testng.reporters.JUnitReportReporter -->
<testsuite hostname="AcerAspire5" failures="0" tests="2" name="com.p1.Cookies" time="1.709" errors="0" timestamp="2024-06-08T20:52:17 IST" skipped="0">
  <testcase classname="com.p1.Cookies" name="GetcookieValue" time="0.257"/>
  <testcase classname="com.p1.Cookies" name="AllHeaders" time="1.452"/>
</testsuite> <!-- com.p1.Cookies -->
