<?xml version="1.0" encoding="UTF-8"?>
<!-- Generated by org.testng.reporters.JUnitReportReporter -->
<testsuite hostname="AcerAspire5" failures="0" tests="1" name="com.p1.PathandQueryParameters" time="1.393" errors="0" timestamp="2024-06-09T00:12:01 IST" skipped="0">
  <testcase classname="com.p1.PathandQueryParameters" name="testPathandQueryParameters" time="1.393"/>
</testsuite> <!-- com.p1.PathandQueryParameters -->
