<?xml version="1.0" encoding="UTF-8"?>
<!-- Generated by org.testng.reporters.JUnitReportReporter -->
<testsuite hostname="AcerAspire5" failures="0" tests="1" name="com.p1.LogSections" time="1.830" errors="0" timestamp="2024-06-09T01:10:37 IST" skipped="0">
  <testcase classname="com.p1.LogSections" name="cookies" time="1.830"/>
</testsuite> <!-- com.p1.LogSections -->
